This file contains any messages produced by compilers while
running configure, to aid debugging if configure makes a mistake.

It was created by MDS-cpabe configure 0.1, which was
generated by GNU Autoconf 2.69.  Invocation command line was

  $ ./configure 

## --------- ##
## Platform. ##
## --------- ##

hostname = huangsu-OptiPlex-330
uname -m = i686
uname -r = 3.8.0-19-generic
uname -s = Linux
uname -v = #29-Ubuntu SMP Wed Apr 17 18:19:42 UTC 2013

/usr/bin/uname -p = unknown
/bin/uname -X     = unknown

/bin/arch              = unknown
/usr/bin/arch -k       = unknown
/usr/convex/getsysinfo = unknown
/usr/bin/hostinfo      = unknown
/bin/machine           = unknown
/usr/bin/oslevel       = unknown
/bin/universe          = unknown

PATH: /usr/lib/lightdm/lightdm
PATH: /usr/local/sbin
PATH: /usr/local/bin
PATH: /usr/sbin
PATH: /usr/bin
PATH: /sbin
PATH: /bin
PATH: /usr/games
PATH: /usr/local/games


## ----------- ##
## Core tests. ##
## ----------- ##

configure:2309: checking for a BSD-compatible install
configure:2377: result: /usr/bin/install -c
configure:2388: checking whether build environment is sane
configure:2443: result: yes
configure:2594: checking for a thread-safe mkdir -p
configure:2633: result: /bin/mkdir -p
configure:2640: checking for gawk
configure:2656: found /usr/bin/gawk
configure:2667: result: gawk
configure:2678: checking whether make sets $(MAKE)
configure:2700: result: yes
configure:2729: checking whether make supports nested variables
configure:2746: result: yes
configure:2874: checking whether to enable debugging
configure:2892: result: no
configure:2899: checking for bison
configure:2915: found /usr/bin/bison
configure:2926: result: bison -y
configure:2986: checking for gcc
configure:3002: found /usr/bin/gcc
configure:3013: result: gcc
configure:3242: checking for C compiler version
configure:3251: gcc --version >&5
gcc (Ubuntu/Linaro 4.7.3-1ubuntu1) 4.7.3
Copyright (C) 2012 Free Software Foundation, Inc.
This is free software; see the source for copying conditions.  There is NO
warranty; not even for MERCHANTABILITY or FITNESS FOR A PARTICULAR PURPOSE.

configure:3262: $? = 0
configure:3251: gcc -v >&5
Using built-in specs.
COLLECT_GCC=gcc
COLLECT_LTO_WRAPPER=/usr/lib/gcc/i686-linux-gnu/4.7/lto-wrapper
Target: i686-linux-gnu
Configured with: ../src/configure -v --with-pkgversion='Ubuntu/Linaro 4.7.3-1ubuntu1' --with-bugurl=file:///usr/share/doc/gcc-4.7/README.Bugs --enable-languages=c,c++,go,fortran,objc,obj-c++ --prefix=/usr --program-suffix=-4.7 --enable-shared --enable-linker-build-id --libexecdir=/usr/lib --without-included-gettext --enable-threads=posix --with-gxx-include-dir=/usr/include/c++/4.7 --libdir=/usr/lib --enable-nls --with-sysroot=/ --enable-clocale=gnu --enable-libstdcxx-debug --enable-libstdcxx-time=yes --enable-gnu-unique-object --enable-plugin --with-system-zlib --enable-objc-gc --enable-targets=all --with-cloog --enable-cloog-backend=ppl --disable-cloog-version-check --disable-ppl-version-check --enable-multiarch --disable-werror --with-arch-32=i686 --with-multilib-list=m32,m64,mx32 --with-tune=generic --enable-checking=release --build=i686-linux-gnu --host=i686-linux-gnu --target=i686-linux-gnu
Thread model: posix
gcc version 4.7.3 (Ubuntu/Linaro 4.7.3-1ubuntu1) 
configure:3262: $? = 0
configure:3251: gcc -V >&5
gcc: error: unrecognized command line option '-V'
gcc: fatal error: no input files
compilation terminated.
configure:3262: $? = 4
configure:3251: gcc -qversion >&5
gcc: error: unrecognized command line option '-qversion'
gcc: fatal error: no input files
compilation terminated.
configure:3262: $? = 4
configure:3282: checking whether the C compiler works
configure:3304: gcc -O3 -Wall  -O3 -Wall conftest.c  >&5
configure:3308: $? = 0
configure:3356: result: yes
configure:3359: checking for C compiler default output file name
configure:3361: result: a.out
configure:3367: checking for suffix of executables
configure:3374: gcc -o conftest -O3 -Wall  -O3 -Wall conftest.c  >&5
configure:3378: $? = 0
configure:3400: result: 
configure:3422: checking whether we are cross compiling
configure:3430: gcc -o conftest -O3 -Wall  -O3 -Wall conftest.c  >&5
configure:3434: $? = 0
configure:3441: ./conftest
configure:3445: $? = 0
configure:3460: result: no
configure:3465: checking for suffix of object files
configure:3487: gcc -c -O3 -Wall  conftest.c >&5
configure:3491: $? = 0
configure:3512: result: o
configure:3516: checking whether we are using the GNU C compiler
configure:3535: gcc -c -O3 -Wall  conftest.c >&5
configure:3535: $? = 0
configure:3544: result: yes
configure:3553: checking whether gcc accepts -g
configure:3573: gcc -c -g  conftest.c >&5
configure:3573: $? = 0
configure:3614: result: yes
configure:3631: checking for gcc option to accept ISO C89
configure:3694: gcc  -c -O3 -Wall  conftest.c >&5
configure:3694: $? = 0
configure:3707: result: none needed
configure:3732: checking whether gcc understands -c and -o together
configure:3754: gcc -c conftest.c -o conftest2.o
configure:3757: $? = 0
configure:3754: gcc -c conftest.c -o conftest2.o
configure:3757: $? = 0
configure:3769: result: yes
configure:3797: checking for style of include used by make
configure:3825: result: GNU
configure:3851: checking dependency style of gcc
configure:3962: result: none
configure:3979: checking for an ANSI C-conforming const
configure:4045: gcc -c -O3 -Wall  conftest.c >&5
configure:4045: $? = 0
configure:4052: result: yes
configure:4065: checking how to run the C preprocessor
configure:4096: gcc -E  conftest.c
configure:4096: $? = 0
configure:4110: gcc -E  conftest.c
conftest.c:11:28: fatal error: ac_nonexistent.h: No such file or directory
compilation terminated.
configure:4110: $? = 1
configure: failed program was:
| /* confdefs.h */
| #define PACKAGE_NAME "MDS-cpabe"
| #define PACKAGE_TARNAME "mds-cpabe"
| #define PACKAGE_VERSION "0.1"
| #define PACKAGE_STRING "MDS-cpabe 0.1"
| #define PACKAGE_BUGREPORT "huangsu@sjtu.edu.cn"
| #define PACKAGE_URL ""
| #define PACKAGE "mds-cpabe"
| #define VERSION "0.1"
| /* end confdefs.h.  */
| #include <ac_nonexistent.h>
configure:4135: result: gcc -E
configure:4155: gcc -E  conftest.c
configure:4155: $? = 0
configure:4169: gcc -E  conftest.c
conftest.c:11:28: fatal error: ac_nonexistent.h: No such file or directory
compilation terminated.
configure:4169: $? = 1
configure: failed program was:
| /* confdefs.h */
| #define PACKAGE_NAME "MDS-cpabe"
| #define PACKAGE_TARNAME "mds-cpabe"
| #define PACKAGE_VERSION "0.1"
| #define PACKAGE_STRING "MDS-cpabe 0.1"
| #define PACKAGE_BUGREPORT "huangsu@sjtu.edu.cn"
| #define PACKAGE_URL ""
| #define PACKAGE "mds-cpabe"
| #define VERSION "0.1"
| /* end confdefs.h.  */
| #include <ac_nonexistent.h>
configure:4198: checking for grep that handles long lines and -e
configure:4256: result: /bin/grep
configure:4261: checking for egrep
configure:4323: result: /bin/grep -E
configure:4328: checking for ANSI C header files
configure:4348: gcc -c -O3 -Wall  conftest.c >&5
configure:4348: $? = 0
configure:4421: gcc -o conftest -O3 -Wall  -O3 -Wall conftest.c  >&5
configure:4421: $? = 0
configure:4421: ./conftest
configure:4421: $? = 0
configure:4432: result: yes
configure:4445: checking for sys/types.h
configure:4445: gcc -c -O3 -Wall  conftest.c >&5
configure:4445: $? = 0
configure:4445: result: yes
configure:4445: checking for sys/stat.h
configure:4445: gcc -c -O3 -Wall  conftest.c >&5
configure:4445: $? = 0
configure:4445: result: yes
configure:4445: checking for stdlib.h
configure:4445: gcc -c -O3 -Wall  conftest.c >&5
configure:4445: $? = 0
configure:4445: result: yes
configure:4445: checking for string.h
configure:4445: gcc -c -O3 -Wall  conftest.c >&5
configure:4445: $? = 0
configure:4445: result: yes
configure:4445: checking for memory.h
configure:4445: gcc -c -O3 -Wall  conftest.c >&5
configure:4445: $? = 0
configure:4445: result: yes
configure:4445: checking for strings.h
configure:4445: gcc -c -O3 -Wall  conftest.c >&5
configure:4445: $? = 0
configure:4445: result: yes
configure:4445: checking for inttypes.h
configure:4445: gcc -c -O3 -Wall  conftest.c >&5
configure:4445: $? = 0
configure:4445: result: yes
configure:4445: checking for stdint.h
configure:4445: gcc -c -O3 -Wall  conftest.c >&5
configure:4445: $? = 0
configure:4445: result: yes
configure:4445: checking for unistd.h
configure:4445: gcc -c -O3 -Wall  conftest.c >&5
configure:4445: $? = 0
configure:4445: result: yes
configure:4457: checking for size_t
configure:4457: gcc -c -O3 -Wall  conftest.c >&5
configure:4457: $? = 0
configure:4457: gcc -c -O3 -Wall  conftest.c >&5
conftest.c: In function 'main':
conftest.c:57:21: error: expected expression before ')' token
configure:4457: $? = 1
configure: failed program was:
| /* confdefs.h */
| #define PACKAGE_NAME "MDS-cpabe"
| #define PACKAGE_TARNAME "mds-cpabe"
| #define PACKAGE_VERSION "0.1"
| #define PACKAGE_STRING "MDS-cpabe 0.1"
| #define PACKAGE_BUGREPORT "huangsu@sjtu.edu.cn"
| #define PACKAGE_URL ""
| #define PACKAGE "mds-cpabe"
| #define VERSION "0.1"
| #define STDC_HEADERS 1
| #define HAVE_SYS_TYPES_H 1
| #define HAVE_SYS_STAT_H 1
| #define HAVE_STDLIB_H 1
| #define HAVE_STRING_H 1
| #define HAVE_MEMORY_H 1
| #define HAVE_STRINGS_H 1
| #define HAVE_INTTYPES_H 1
| #define HAVE_STDINT_H 1
| #define HAVE_UNISTD_H 1
| /* end confdefs.h.  */
| #include <stdio.h>
| #ifdef HAVE_SYS_TYPES_H
| # include <sys/types.h>
| #endif
| #ifdef HAVE_SYS_STAT_H
| # include <sys/stat.h>
| #endif
| #ifdef STDC_HEADERS
| # include <stdlib.h>
| # include <stddef.h>
| #else
| # ifdef HAVE_STDLIB_H
| #  include <stdlib.h>
| # endif
| #endif
| #ifdef HAVE_STRING_H
| # if !defined STDC_HEADERS && defined HAVE_MEMORY_H
| #  include <memory.h>
| # endif
| # include <string.h>
| #endif
| #ifdef HAVE_STRINGS_H
| # include <strings.h>
| #endif
| #ifdef HAVE_INTTYPES_H
| # include <inttypes.h>
| #endif
| #ifdef HAVE_STDINT_H
| # include <stdint.h>
| #endif
| #ifdef HAVE_UNISTD_H
| # include <unistd.h>
| #endif
| int
| main ()
| {
| if (sizeof ((size_t)))
| 	    return 0;
|   ;
|   return 0;
| }
configure:4457: result: yes
configure:4468: checking for uint32_t
configure:4468: gcc -c -O3 -Wall  conftest.c >&5
configure:4468: $? = 0
configure:4468: result: yes
configure:4482: checking for uint64_t
configure:4482: gcc -c -O3 -Wall  conftest.c >&5
configure:4482: $? = 0
configure:4482: result: yes
configure:4497: checking for ANSI C header files
configure:4601: result: yes
configure:4612: checking for stdlib.h
configure:4612: result: yes
configure:4612: checking for string.h
configure:4612: result: yes
configure:4612: checking sys/time.h usability
configure:4612: gcc -c -O3 -Wall  conftest.c >&5
configure:4612: $? = 0
configure:4612: result: yes
configure:4612: checking sys/time.h presence
configure:4612: gcc -E  conftest.c
configure:4612: $? = 0
configure:4612: result: yes
configure:4612: checking for sys/time.h
configure:4612: result: yes
configure:4625: checking for stdlib.h
configure:4625: result: yes
configure:4635: checking for GNU libc compatible malloc
configure:4659: gcc -o conftest -O3 -Wall  -O3 -Wall conftest.c  >&5
configure:4659: $? = 0
configure:4659: ./conftest
configure:4659: $? = 0
configure:4669: result: yes
configure:4690: checking whether lstat correctly handles trailing slash
configure:4716: gcc -o conftest -O3 -Wall  -O3 -Wall conftest.c  >&5
configure:4716: $? = 0
configure:4716: ./conftest
configure:4716: $? = 0
configure:4733: result: yes
configure:4752: checking whether stat accepts an empty string
configure:4772: gcc -o conftest -O3 -Wall  -O3 -Wall conftest.c  >&5
configure:4772: $? = 0
configure:4772: ./conftest
configure:4772: $? = 0
configure:4782: result: no
configure:4800: checking for vprintf
configure:4800: gcc -o conftest -O3 -Wall  -O3 -Wall conftest.c  >&5
conftest.c:51:6: warning: conflicting types for built-in function 'vprintf' [enabled by default]
configure:4800: $? = 0
configure:4800: result: yes
configure:4806: checking for _doprnt
configure:4806: gcc -o conftest -O3 -Wall  -O3 -Wall conftest.c  >&5
/tmp/cc9bhg4J.o: In function `main':
conftest.c:(.text.startup+0x7): undefined reference to `_doprnt'
collect2: error: ld returned 1 exit status
configure:4806: $? = 1
configure: failed program was:
| /* confdefs.h */
| #define PACKAGE_NAME "MDS-cpabe"
| #define PACKAGE_TARNAME "mds-cpabe"
| #define PACKAGE_VERSION "0.1"
| #define PACKAGE_STRING "MDS-cpabe 0.1"
| #define PACKAGE_BUGREPORT "huangsu@sjtu.edu.cn"
| #define PACKAGE_URL ""
| #define PACKAGE "mds-cpabe"
| #define VERSION "0.1"
| #define STDC_HEADERS 1
| #define HAVE_SYS_TYPES_H 1
| #define HAVE_SYS_STAT_H 1
| #define HAVE_STDLIB_H 1
| #define HAVE_STRING_H 1
| #define HAVE_MEMORY_H 1
| #define HAVE_STRINGS_H 1
| #define HAVE_INTTYPES_H 1
| #define HAVE_STDINT_H 1
| #define HAVE_UNISTD_H 1
| #define STDC_HEADERS 1
| #define HAVE_STDLIB_H 1
| #define HAVE_STRING_H 1
| #define HAVE_SYS_TIME_H 1
| #define HAVE_STDLIB_H 1
| #define HAVE_MALLOC 1
| #define LSTAT_FOLLOWS_SLASHED_SYMLINK 1
| #define HAVE_VPRINTF 1
| /* end confdefs.h.  */
| /* Define _doprnt to an innocuous variant, in case <limits.h> declares _doprnt.
|    For example, HP-UX 11i <limits.h> declares gettimeofday.  */
| #define _doprnt innocuous__doprnt
| 
| /* System header to define __stub macros and hopefully few prototypes,
|     which can conflict with char _doprnt (); below.
|     Prefer <limits.h> to <assert.h> if __STDC__ is defined, since
|     <limits.h> exists even on freestanding compilers.  */
| 
| #ifdef __STDC__
| # include <limits.h>
| #else
| # include <assert.h>
| #endif
| 
| #undef _doprnt
| 
| /* Override any GCC internal prototype to avoid an error.
|    Use char because int might match the return type of a GCC
|    builtin and then its argument prototype would still apply.  */
| #ifdef __cplusplus
| extern "C"
| #endif
| char _doprnt ();
| /* The GNU C library defines this for functions which it implements
|     to always fail with ENOSYS.  Some functions are actually named
|     something starting with __ and the normal name is an alias.  */
| #if defined __stub__doprnt || defined __stub____doprnt
| choke me
| #endif
| 
| int
| main ()
| {
| return _doprnt ();
|   ;
|   return 0;
| }
configure:4806: result: no
configure:4817: checking for SHA1 in -lcrypto
configure:4842: gcc -o conftest -O3 -Wall  -O3 -Wall conftest.c -lcrypto   >&5
configure:4842: $? = 0
configure:4851: result: yes
configure:4864: checking for EVP_aes_128_cbc in -lcrypto
configure:4889: gcc -o conftest -O3 -Wall  -O3 -Wall conftest.c -lcrypto  -lcrypto  >&5
configure:4889: $? = 0
configure:4898: result: yes
configure:4914: checking for strchr
configure:4914: gcc -o conftest -O3 -Wall  -O3 -Wall conftest.c -lcrypto -lcrypto  >&5
conftest.c:54:6: warning: conflicting types for built-in function 'strchr' [enabled by default]
configure:4914: $? = 0
configure:4914: result: yes
configure:4914: checking for strdup
configure:4914: gcc -o conftest -O3 -Wall  -O3 -Wall conftest.c -lcrypto -lcrypto  >&5
conftest.c:55:6: warning: conflicting types for built-in function 'strdup' [enabled by default]
configure:4914: $? = 0
configure:4914: result: yes
configure:4914: checking for memset
configure:4914: gcc -o conftest -O3 -Wall  -O3 -Wall conftest.c -lcrypto -lcrypto  >&5
conftest.c:56:6: warning: conflicting types for built-in function 'memset' [enabled by default]
configure:4914: $? = 0
configure:4914: result: yes
configure:4927: checking for __gmpz_init in -lgmp
configure:4952: gcc -o conftest -O3 -Wall  -O3 -Wall conftest.c -lgmp  -lcrypto -lcrypto  >&5
configure:4952: $? = 0
configure:4961: result: yes
configure:5129: checking that generated files are newer than configure
configure:5135: result: done
configure:5158: creating ./config.status

## ---------------------- ##
## Running config.status. ##
## ---------------------- ##

This file was extended by MDS-cpabe config.status 0.1, which was
generated by GNU Autoconf 2.69.  Invocation command line was

  CONFIG_FILES    = 
  CONFIG_HEADERS  = 
  CONFIG_LINKS    = 
  CONFIG_COMMANDS = 
  $ ./config.status 

on huangsu-OptiPlex-330

config.status:780: creating Makefile
config.status:952: executing depfiles commands

## ---------------- ##
## Cache variables. ##
## ---------------- ##

ac_cv_c_compiler_gnu=yes
ac_cv_c_const=yes
ac_cv_c_uint32_t=yes
ac_cv_c_uint64_t=yes
ac_cv_env_CC_set=
ac_cv_env_CC_value=
ac_cv_env_CFLAGS_set=
ac_cv_env_CFLAGS_value=
ac_cv_env_CPPFLAGS_set=
ac_cv_env_CPPFLAGS_value=
ac_cv_env_CPP_set=
ac_cv_env_CPP_value=
ac_cv_env_LDFLAGS_set=
ac_cv_env_LDFLAGS_value=
ac_cv_env_LIBS_set=
ac_cv_env_LIBS_value=
ac_cv_env_YACC_set=
ac_cv_env_YACC_value=
ac_cv_env_YFLAGS_set=
ac_cv_env_YFLAGS_value=
ac_cv_env_build_alias_set=
ac_cv_env_build_alias_value=
ac_cv_env_host_alias_set=
ac_cv_env_host_alias_value=
ac_cv_env_target_alias_set=
ac_cv_env_target_alias_value=
ac_cv_func__doprnt=no
ac_cv_func_lstat_dereferences_slashed_symlink=yes
ac_cv_func_malloc_0_nonnull=yes
ac_cv_func_memset=yes
ac_cv_func_stat_empty_string_bug=no
ac_cv_func_strchr=yes
ac_cv_func_strdup=yes
ac_cv_func_vprintf=yes
ac_cv_header_inttypes_h=yes
ac_cv_header_memory_h=yes
ac_cv_header_stdc=yes
ac_cv_header_stdint_h=yes
ac_cv_header_stdlib_h=yes
ac_cv_header_string_h=yes
ac_cv_header_strings_h=yes
ac_cv_header_sys_stat_h=yes
ac_cv_header_sys_time_h=yes
ac_cv_header_sys_types_h=yes
ac_cv_header_unistd_h=yes
ac_cv_lib_crypto_EVP_aes_128_cbc=yes
ac_cv_lib_crypto_SHA1=yes
ac_cv_lib_gmp___gmpz_init=yes
ac_cv_objext=o
ac_cv_path_EGREP='/bin/grep -E'
ac_cv_path_GREP=/bin/grep
ac_cv_path_install='/usr/bin/install -c'
ac_cv_path_mkdir=/bin/mkdir
ac_cv_prog_AWK=gawk
ac_cv_prog_CPP='gcc -E'
ac_cv_prog_YACC='bison -y'
ac_cv_prog_ac_ct_CC=gcc
ac_cv_prog_cc_c89=
ac_cv_prog_cc_g=yes
ac_cv_prog_make_make_set=yes
ac_cv_type_size_t=yes
am_cv_CC_dependencies_compiler_type=none
am_cv_make_support_nested_variables=yes
am_cv_prog_cc_c_o=yes

## ----------------- ##
## Output variables. ##
## ----------------- ##

ACLOCAL='${SHELL} /home/huangsu/Code/mds-cpabe/missing aclocal-1.14'
AMDEPBACKSLASH='\'
AMDEP_FALSE='#'
AMDEP_TRUE=''
AMTAR='$${TAR-tar}'
AM_BACKSLASH='\'
AM_DEFAULT_V='$(AM_DEFAULT_VERBOSITY)'
AM_DEFAULT_VERBOSITY='1'
AM_V='$(V)'
AUTOCONF='${SHELL} /home/huangsu/Code/mds-cpabe/missing autoconf'
AUTOHEADER='${SHELL} /home/huangsu/Code/mds-cpabe/missing autoheader'
AUTOMAKE='${SHELL} /home/huangsu/Code/mds-cpabe/missing automake-1.14'
AWK='gawk'
CC='gcc'
CCDEPMODE='depmode=none'
CFLAGS='-O3 -Wall'
CPP='gcc -E'
CPPFLAGS=''
CYGPATH_W='echo'
DEFS='-DPACKAGE_NAME=\"MDS-cpabe\" -DPACKAGE_TARNAME=\"mds-cpabe\" -DPACKAGE_VERSION=\"0.1\" -DPACKAGE_STRING=\"MDS-cpabe\ 0.1\" -DPACKAGE_BUGREPORT=\"huangsu@sjtu.edu.cn\" -DPACKAGE_URL=\"\" -DPACKAGE=\"mds-cpabe\" -DVERSION=\"0.1\" -DSTDC_HEADERS=1 -DHAVE_SYS_TYPES_H=1 -DHAVE_SYS_STAT_H=1 -DHAVE_STDLIB_H=1 -DHAVE_STRING_H=1 -DHAVE_MEMORY_H=1 -DHAVE_STRINGS_H=1 -DHAVE_INTTYPES_H=1 -DHAVE_STDINT_H=1 -DHAVE_UNISTD_H=1 -DSTDC_HEADERS=1 -DHAVE_STDLIB_H=1 -DHAVE_STRING_H=1 -DHAVE_SYS_TIME_H=1 -DHAVE_STDLIB_H=1 -DHAVE_MALLOC=1 -DLSTAT_FOLLOWS_SLASHED_SYMLINK=1 -DHAVE_VPRINTF=1 -DHAVE_LIBCRYPTO=1 -DHAVE_LIBCRYPTO=1 -DHAVE_STRCHR=1 -DHAVE_STRDUP=1 -DHAVE_MEMSET=1 -DHAVE_LIBGMP=1'
DEPDIR='.deps'
ECHO_C=''
ECHO_N='-n'
ECHO_T=''
EGREP='/bin/grep -E'
EXEEXT=''
GREP='/bin/grep'
INSTALL_DATA='${INSTALL} -m 644'
INSTALL_PROGRAM='${INSTALL}'
INSTALL_SCRIPT='${INSTALL}'
INSTALL_STRIP_PROGRAM='$(install_sh) -c -s'
LDFLAGS='-O3 -Wall'
LIBOBJS=''
LIBS='-lgmp -lcrypto -lcrypto '
LTLIBOBJS=''
MAKEINFO='${SHELL} /home/huangsu/Code/mds-cpabe/missing makeinfo'
MKDIR_P='/bin/mkdir -p'
OBJEXT='o'
PACKAGE='mds-cpabe'
PACKAGE_BUGREPORT='huangsu@sjtu.edu.cn'
PACKAGE_NAME='MDS-cpabe'
PACKAGE_STRING='MDS-cpabe 0.1'
PACKAGE_TARNAME='mds-cpabe'
PACKAGE_URL=''
PACKAGE_VERSION='0.1'
PATH_SEPARATOR=':'
SET_MAKE=''
SHELL='/bin/bash'
STRIP=''
VERSION='0.1'
YACC='bison -y'
YFLAGS=''
ac_ct_CC='gcc'
am__EXEEXT_FALSE=''
am__EXEEXT_TRUE='#'
am__fastdepCC_FALSE=''
am__fastdepCC_TRUE='#'
am__include='include'
am__isrc=''
am__leading_dot='.'
am__nodep='_no'
am__quote=''
am__tar='$${TAR-tar} chof - "$$tardir"'
am__untar='$${TAR-tar} xf -'
bindir='${exec_prefix}/bin'
build_alias=''
datadir='${datarootdir}'
datarootdir='${prefix}/share'
docdir='${datarootdir}/doc/${PACKAGE_TARNAME}'
dvidir='${docdir}'
exec_prefix='${prefix}'
host_alias=''
htmldir='${docdir}'
includedir='${prefix}/include'
infodir='${datarootdir}/info'
install_sh='${SHELL} /home/huangsu/Code/mds-cpabe/install-sh'
libdir='${exec_prefix}/lib'
libexecdir='${exec_prefix}/libexec'
localedir='${datarootdir}/locale'
localstatedir='${prefix}/var'
mandir='${datarootdir}/man'
mkdir_p='$(MKDIR_P)'
oldincludedir='/usr/include'
pdfdir='${docdir}'
prefix='/usr/local'
program_transform_name='s,x,x,'
psdir='${docdir}'
sbindir='${exec_prefix}/sbin'
sharedstatedir='${prefix}/com'
sysconfdir='${prefix}/etc'
target_alias=''

## ----------- ##
## confdefs.h. ##
## ----------- ##

/* confdefs.h */
#define PACKAGE_NAME "MDS-cpabe"
#define PACKAGE_TARNAME "mds-cpabe"
#define PACKAGE_VERSION "0.1"
#define PACKAGE_STRING "MDS-cpabe 0.1"
#define PACKAGE_BUGREPORT "huangsu@sjtu.edu.cn"
#define PACKAGE_URL ""
#define PACKAGE "mds-cpabe"
#define VERSION "0.1"
#define STDC_HEADERS 1
#define HAVE_SYS_TYPES_H 1
#define HAVE_SYS_STAT_H 1
#define HAVE_STDLIB_H 1
#define HAVE_STRING_H 1
#define HAVE_MEMORY_H 1
#define HAVE_STRINGS_H 1
#define HAVE_INTTYPES_H 1
#define HAVE_STDINT_H 1
#define HAVE_UNISTD_H 1
#define STDC_HEADERS 1
#define HAVE_STDLIB_H 1
#define HAVE_STRING_H 1
#define HAVE_SYS_TIME_H 1
#define HAVE_STDLIB_H 1
#define HAVE_MALLOC 1
#define LSTAT_FOLLOWS_SLASHED_SYMLINK 1
#define HAVE_VPRINTF 1
#define HAVE_LIBCRYPTO 1
#define HAVE_LIBCRYPTO 1
#define HAVE_STRCHR 1
#define HAVE_STRDUP 1
#define HAVE_MEMSET 1
#define HAVE_LIBGMP 1

configure: exit 0
